./skyrmionlattice: /lib64/libc.so.6: version `GLIBC_2.14' not found (required by ./skyrmionlattice)
./skyrmionlattice: /lib64/libc.so.6: version `GLIBC_2.14' not found (required by ./skyrmionlattice)
./skyrmionlattice: /lib64/libc.so.6: version `GLIBC_2.14' not found (required by ./skyrmionlattice)
./skyrmionlattice: /lib64/libc.so.6: version `GLIBC_2.14' not found (required by ./skyrmionlattice)
./skyrmionlattice: /lib64/libc.so.6: version `GLIBC_2.14' not found (required by ./skyrmionlattice)
./skyrmionlattice: /lib64/libc.so.6: version `GLIBC_2.14' not found (required by ./skyrmionlattice)
./skyrmionlattice: /lib64/libc.so.6: version `GLIBC_2.14' not found (required by ./skyrmionlattice)
./skyrmionlattice: /lib64/libc.so.6: version `GLIBC_2.14' not found (required by ./skyrmionlattice)
./skyrmionlattice: /lib64/libc.so.6: version `GLIBC_2.14' not found (required by ./skyrmionlattice)
./skyrmionlattice: /lib64/libc.so.6: version `GLIBC_2.14' not found (required by ./skyrmionlattice)
./skyrmionlattice: /lib64/libc.so.6: version `GLIBC_2.14' not found (required by ./skyrmionlattice)
./skyrmionlattice: /lib64/libc.so.6: version `GLIBC_2.14' not found (required by ./skyrmionlattice)
./skyrmionlattice: /lib64/libc.so.6: version `GLIBC_2.14' not found (required by ./skyrmionlattice)
./skyrmionlattice: /lib64/libc.so.6: version `GLIBC_2.14' not found (required by ./skyrmionlattice)
./skyrmionlattice: /lib64/libc.so.6: version `GLIBC_2.14' not found (required by ./skyrmionlattice)
./skyrmionlattice: /lib64/libc.so.6: version `GLIBC_2.14' not found (required by ./skyrmionlattice)
./skyrmionlattice: /lib64/libc.so.6: version `GLIBC_2.14' not found (required by ./skyrmionlattice)
./skyrmionlattice: /lib64/libc.so.6: version `GLIBC_2.14' not found (required by ./skyrmionlattice)
./skyrmionlattice: /lib64/libc.so.6: version `GLIBC_2.14' not found (required by ./skyrmionlattice)
./skyrmionlattice: /lib64/libc.so.6: version `GLIBC_2.14' not found (required by ./skyrmionlattice)
./skyrmionlattice: /lib64/libc.so.6: version `GLIBC_2.14' not found (required by ./skyrmionlattice)
./skyrmionlattice: /lib64/libc.so.6: version `GLIBC_2.14' not found (required by ./skyrmionlattice)
./skyrmionlattice: /lib64/libc.so.6: version `GLIBC_2.14' not found (required by ./skyrmionlattice)
./skyrmionlattice: /lib64/libc.so.6: version `GLIBC_2.14' not found (required by ./skyrmionlattice)
./skyrmionlattice: /lib64/libc.so.6: version `GLIBC_2.14' not found (required by ./skyrmionlattice)
./skyrmionlattice: /lib64/libc.so.6: version `GLIBC_2.14' not found (required by ./skyrmionlattice)
./skyrmionlattice: /lib64/libc.so.6: version `GLIBC_2.14' not found (required by ./skyrmionlattice)
./skyrmionlattice: /lib64/libc.so.6: version `GLIBC_2.14' not found (required by ./skyrmionlattice)
./skyrmionlattice: /lib64/libc.so.6: version `GLIBC_2.14' not found (required by ./skyrmionlattice)
./skyrmionlattice: /lib64/libc.so.6: version `GLIBC_2.14' not found (required by ./skyrmionlattice)
./skyrmionlattice: /lib64/libc.so.6: version `GLIBC_2.14' not found (required by ./skyrmionlattice)
./skyrmionlattice: /lib64/libc.so.6: version `GLIBC_2.14' not found (required by ./skyrmionlattice)
./skyrmionlattice: /lib64/libc.so.6: version `GLIBC_2.14' not found (required by ./skyrmionlattice)
./skyrmionlattice: /lib64/libc.so.6: version `GLIBC_2.14' not found (required by ./skyrmionlattice)
./skyrmionlattice: /lib64/libc.so.6: version `GLIBC_2.14' not found (required by ./skyrmionlattice)
./skyrmionlattice: /lib64/libc.so.6: version `GLIBC_2.14' not found (required by ./skyrmionlattice)
./skyrmionlattice: /lib64/libc.so.6: version `GLIBC_2.14' not found (required by ./skyrmionlattice)
./skyrmionlattice: /lib64/libc.so.6: version `GLIBC_2.14' not found (required by ./skyrmionlattice)
./skyrmionlattice: /lib64/libc.so.6: version `GLIBC_2.14' not found (required by ./skyrmionlattice)
./skyrmionlattice: /lib64/libc.so.6: version `GLIBC_2.14' not found (required by ./skyrmionlattice)
./skyrmionlattice: /lib64/libc.so.6: version `GLIBC_2.14' not found (required by ./skyrmionlattice)
./skyrmionlattice: /lib64/libc.so.6: version `GLIBC_2.14' not found (required by ./skyrmionlattice)
./skyrmionlattice: /lib64/libc.so.6: version `GLIBC_2.14' not found (required by ./skyrmionlattice)
./skyrmionlattice: /lib64/libc.so.6: version `GLIBC_2.14' not found (required by ./skyrmionlattice)
./skyrmionlattice: /lib64/libc.so.6: version `GLIBC_2.14' not found (required by ./skyrmionlattice)
./skyrmionlattice: /lib64/libc.so.6: version `GLIBC_2.14' not found (required by ./skyrmionlattice)
./skyrmionlattice: /lib64/libc.so.6: version `GLIBC_2.14' not found (required by ./skyrmionlattice)
./skyrmionlattice: /lib64/libc.so.6: version `GLIBC_2.14' not found (required by ./skyrmionlattice)
forrtl: error (78): process killed (SIGTERM)
Image              PC                Routine            Line        Source             
skyrmionlattice    0000000000488291  Unknown               Unknown  Unknown
skyrmionlattice    00000000004869E7  Unknown               Unknown  Unknown
skyrmionlattice    0000000000439FF4  Unknown               Unknown  Unknown
skyrmionlattice    0000000000439E06  Unknown               Unknown  Unknown
skyrmionlattice    000000000040F25F  Unknown               Unknown  Unknown
skyrmionlattice    0000000000412C2B  Unknown               Unknown  Unknown
libpthread.so.0    0000003BDA00F710  Unknown               Unknown  Unknown
skyrmionlattice    0000000000407CC1  Unknown               Unknown  Unknown
skyrmionlattice    00000000004076E0  Unknown               Unknown  Unknown
skyrmionlattice    00000000004044BC  Unknown               Unknown  Unknown
skyrmionlattice    00000000004031CE  Unknown               Unknown  Unknown
libc.so.6          0000003BD9C1ED1D  Unknown               Unknown  Unknown
skyrmionlattice    0000000000403069  Unknown               Unknown  Unknown
mpirun: abort is already in progress...hit ctrl-c again to forcibly terminate

forrtl: error (78): process killed (SIGTERM)
Image              PC                Routine            Line        Source             
skyrmionlattice    0000000000489461  Unknown               Unknown  Unknown
skyrmionlattice    0000000000487BB7  Unknown               Unknown  Unknown
skyrmionlattice    000000000043B1C4  Unknown               Unknown  Unknown
skyrmionlattice    000000000043AFD6  Unknown               Unknown  Unknown
skyrmionlattice    000000000041042F  Unknown               Unknown  Unknown
skyrmionlattice    0000000000413DFB  Unknown               Unknown  Unknown
libpthread.so.0    0000003E7A00F710  Unknown               Unknown  Unknown
skyrmionlattice    0000000000408E91  Unknown               Unknown  Unknown
skyrmionlattice    00000000004088AB  Unknown               Unknown  Unknown
skyrmionlattice    0000000000405688  Unknown               Unknown  Unknown
skyrmionlattice    00000000004031CE  Unknown               Unknown  Unknown
libc.so.6          0000003E79C1ED1D  Unknown               Unknown  Unknown
skyrmionlattice    0000000000403069  Unknown               Unknown  Unknown
=>> PBS: job killed: walltime 864031 exceeded limit 864000
