-------------------------------------------------------
Primary job  terminated normally, but 1 process returned
a non-zero exit code.. Per user-direction, the job has been aborted.
-------------------------------------------------------
--------------------------------------------------------------------------
mpirun detected that one or more processes exited with non-zero status, thus causing
the job to be terminated. The first process to do so was:

  Process name: [[20705,1],0]
  Exit code:    1
--------------------------------------------------------------------------
--------------------------------------------------------------------------
WARNING: A process refused to die despite all the efforts!
This process may still be running and/or consuming resources.

Host: node24
PID:  32248

--------------------------------------------------------------------------
--------------------------------------------------------------------------
mpirun noticed that process rank 24 with PID 3686 on node node57 exited on signal 7 (Bus error).
--------------------------------------------------------------------------
24 total processes killed (some possibly by mpirun during cleanup)
Abort is in progress...hit ctrl-c again within 5 seconds to forcibly terminate

