********************************************************
****** TESTING TRUNCATED POLYNOMIAL EXPANSION **********
********************************************************


This testing program calculates model properties in two ways:
(i)  Using standard diagonalization
(ii) Using the truncated polynomial expansion method

All tests are done for a nearest neighbour interaction with
random (diagonal) potentials.


-------------------------------------------------------------
TEST 1: MEAN VALUE FOR THE FUNCTION:                         
        N(x) =  0.5 * (1.0 - tanh (10.0 * x))

** Using diagonalization <N>=195.349187
** Using TPEM <N>=(cutoff--> infinity) lim<N_cutoff> where <N_cutoff> is
cutoff	<N_cutoff>	%Error(compared to diag.)
10	194.397663352614	0.487089%
11	195.100008831621	0.127555%
12	193.918566782100	0.732340%
13	194.465613953122	0.452305%
14	194.148083483755	0.614850%
15	194.485453543983	0.442149%
16	194.725508930140	0.319263%
17	194.613412374478	0.376646%
18	195.198029413172	0.077378%
19	194.940656169479	0.209129%
20	195.573009389479	0.114575%
21	195.189017519247	0.081991%
22	195.737727135168	0.198895%
23	195.425763050131	0.039200%
24	195.675729400696	0.167158%
25	195.481400148447	0.067680%
26	195.560126206938	0.107981%
27	195.499393399746	0.076891%
28	195.478548001440	0.066220%
29	195.468779754720	0.061220%
30	195.413944494799	0.033150%
31	195.445487977613	0.049297%
32	195.377347223226	0.014415%
33	195.411324405815	0.031808%
34	195.379401628576	0.015467%
35	195.404549948226	0.028340%
36	195.369134767525	0.010211%
37	195.388288682347	0.020016%
38	195.338831471727	0.005301%
39	195.368221594520	0.009744%
40	195.332881642705	0.008347%
-------------------------------------------------------------
TEST 2: MEAN VALUE FOR THE FUNCTION:                         
        E(x) = 5.0 * x * (1.0 - tanh (10.0 * x))

** Using diagonalization <E>=-802.327051
** Using TPEM <E>=(cutoff--> infinity) lim<E_cutoff> where <E_cutoff> is
cutoff	<E_cutoff>	%Error(compared to diag.)
10	-813.294123567009	-802.327051	1.366908
11	-740.720693776264	-802.327051	7.678459
12	-808.282646880679	-802.327051	0.742290
13	-833.425157085520	-802.327051	3.875989
14	-805.379098443384	-802.327051	0.380399
15	-774.356691281315	-802.327051	3.486154
16	-803.515477390972	-802.327051	0.148122
17	-817.797778423655	-802.327051	1.928232
18	-802.615203376268	-802.327051	0.035915
19	-787.776517561538	-802.327051	1.813541
20	-802.205394446658	-802.327051	0.015163
21	-810.856721217691	-802.327051	1.063116
22	-802.004024426289	-802.327051	0.040261
23	-794.694638712501	-802.327051	0.951284
24	-801.982889778558	-802.327051	0.042895
25	-806.981804320022	-802.327051	0.580157
26	-802.065542583085	-802.327051	0.032594
27	-798.545370290483	-802.327051	0.471339
28	-802.175673584132	-802.327051	0.018867
29	-805.087509694595	-802.327051	0.344056
30	-802.267552210656	-802.327051	0.007416
31	-800.481550040972	-802.327051	0.230019
32	-802.318328977850	-802.327051	0.001087
33	-803.859056399260	-802.327051	0.190945
34	-802.347221595589	-802.327051	0.002514
35	-801.351959988951	-802.327051	0.121533
36	-802.364702116038	-802.327051	0.004693
37	-803.169402341186	-802.327051	0.104988
38	-802.359490266674	-802.327051	0.004043
39	-801.786074879319	-802.327051	0.067426
40	-802.343400473365	-802.327051	0.002038
-------------------------------------------------------------
TEST 3: MEAN VALUE AND DIFFERENCE FOR THE FUNCTION:          
        S(x) =  log (1.0 + exp (-20.0 * x))

** Using diagonalization <S[matrix0]>= 854.249004021717
** Using diagonalization <S[matrix1]>= 846.624672679166
** Using diagonalization <S[matrix1]>-<S[matrix0]>=7.624331342551
** Using TPEM <S>=(cutoff--> infinity) lim<S_cutoff>
cutoff	Delta_S_cutoff	S_cutoff[diff]	Error (to diag.)
10	7.610381791575	7.609003008267	0.201045%
11	7.645441475407	7.643790102940	0.255219%
12	7.623383584770	7.621626495701	0.035477%
13	7.629032295977	7.627125713056	0.036651%
14	7.614317308360	7.613218388318	0.145756%
15	7.610750318837	7.609755003609	0.191182%
16	7.619391601897	7.618868126084	0.071655%
17	7.621580234724	7.621117023457	0.042159%
18	7.623756943543	7.623323429913	0.013220%
19	7.625739820948	7.625347335619	0.013326%
20	7.624040493142	7.623636137021	0.009118%
21	7.624187828301	7.623797384617	0.007003%
22	7.624008775477	7.623600341262	0.009588%
23	7.623997183766	7.623586938158	0.009764%
24	7.624140524206	7.623721265166	0.008002%
25	7.624205521380	7.623780991489	0.007218%
26	7.624291431086	7.623865471300	0.006110%
27	7.624366952895	7.623937639445	0.005164%
28	7.624420293681	7.623992055666	0.004450%
29	7.624485845682	7.624056439537	0.003606%
30	7.624451231094	7.624022585085	0.004050%
31	7.624467386087	7.624038523914	0.003841%
32	7.624442035945	7.624438173815	0.001401%
33	7.624437361536	7.624433428558	0.001339%
34	7.624436171398	7.624432384967	0.001325%
35	7.624433100752	7.624429353605	0.001286%
36	7.624432718614	7.624429039110	0.001281%
37	7.624430882261	7.624427259466	0.001258%
38	7.624432611030	7.624428999382	0.001281%
39	7.624432548673	7.624428973452	0.001281%
40	7.624433250927	7.624429665879	0.001290%
-------------------------------------------------------------
